<?xml version="1.0" encoding="UTF-8"?>
<!-- Generated by org.testng.reporters.JUnitXMLReporter -->
<testsuite ignored="0" hostname="debian" failures="0" tests="11" name="Default test" time="16.361" errors="0" timestamp="2021-02-04T20:35:38 CET">
  <testcase classname="tests.PracticePageTest" name="clickOnRadionBtn" time="0.124"/>
  <testcase classname="tests.PracticePageTest" name="click_Cancel_onAlert" time="0.333"/>
  <testcase classname="tests.PracticePageTest" name="click_OK_onAlert" time="0.26"/>
  <testcase classname="tests.PracticePageTest" name="click_on_checkBox" time="0.096"/>
  <testcase classname="tests.PracticePageTest" name="enterTextInTextBox" time="0.265"/>
  <testcase classname="tests.PracticePageTest" name="printCourseNameForPyhton" time="0.259"/>
  <testcase classname="tests.PracticePageTest" name="printCoursesNameFromTable" time="0.121"/>
  <testcase classname="tests.PracticePageTest" name="selectOptionFromStaticDropdownMenu" time="0.201"/>
  <testcase classname="tests.PracticePageTest" name="switchTab" time="2.471"/>
  <testcase classname="tests.PracticePageTest" name="switchWindow" time="4.415"/>
  <testcase classname="tests.PracticePageTest" name="verifyPythonPrice" time="0.204"/>
</testsuite> <!-- Default test -->
