<?xml version="1.0" encoding="UTF-8"?>
<!-- Generated by org.testng.reporters.JUnitXMLReporter -->
<testsuite ignored="0" hostname="debian" failures="0" tests="19" name="Default test" time="52.766" errors="0" timestamp="2021-02-09T21:59:13 CET">
  <testcase classname="tests.PracticePageTest" name="clickOnRadionBtn" time="0.095"/>
  <testcase classname="tests.PracticePageTest" name="enterTextInTextBox" time="0.251"/>
  <testcase classname="tests.PracticePageTest" name="selectOptionFromStaticDropdownMenu" time="0.197"/>
  <testcase classname="tests.PracticePageTest" name="click_on_checkBox" time="0.081"/>
  <testcase classname="tests.PracticePageTest" name="switchWindow" time="15.424"/>
  <testcase classname="tests.PracticePageTest" name="switchTab" time="3.342"/>
  <testcase classname="tests.PracticePageTest" name="click_OK_onAlert" time="0.166"/>
  <testcase classname="tests.PracticePageTest" name="click_Cancel_onAlert" time="0.162"/>
  <testcase classname="tests.PracticePageTest" name="printCoursesNameFromTable" time="0.184"/>
  <testcase classname="tests.PracticePageTest" name="printCourseNameForPyhton" time="0.141"/>
  <testcase classname="tests.PracticePageTest" name="verifyPythonPrice" time="0.141"/>
  <testcase classname="tests.PracticePageTest" name="VerifyIfInputTextFieldIsVisibleOrNot" time="0.401"/>
  <testcase classname="tests.PracticePageTest" name="printTotalNumberOfLinks" time="0.029"/>
  <testcase classname="tests.PracticePageTest" name="scrollingDown_OnTable" time="5.043"/>
  <testcase classname="tests.PracticePageTest" name="clickOnMouseHover" time="8.302"/>
  <testcase classname="tests.PracticePageTest" name="switchToFrame" time="6.126"/>
  <testcase classname="tests.PracticePageTest" name="printNamesOfLinksFromColumnLatestNews" time="3.08"/>
  <testcase classname="tests.PracticePageTest" name="printNamesOfLinksFromColumnSocialMedia" time="3.081"/>
  <testcase classname="tests.PracticePageTest" name="sumPricesForAllCourses" time="0.154"/>
</testsuite> <!-- Default test -->
