<?xml version="1.0" encoding="UTF-8"?>
<testng-results ignored="0" total="15" passed="15" failed="0" skipped="0">
  <reporter-output>
  </reporter-output>
  <suite started-at="2021-02-05T15:35:06 CET" name="Default suite" finished-at="2021-02-05T15:35:43 CET" duration-ms="37211">
    <groups>
    </groups>
    <test started-at="2021-02-05T15:35:06 CET" name="Default test" finished-at="2021-02-05T15:35:43 CET" duration-ms="37211">
      <class name="tests.PracticePageTest">
        <test-method is-config="true" signature="setUp()[pri:0, instance:tests.PracticePageTest@13c10b87]" started-at="2021-02-05T15:35:06 CET" name="setUp" finished-at="2021-02-05T15:35:12 CET" duration-ms="5994" status="PASS">
          <reporter-output>
          </reporter-output>
        </test-method> <!-- setUp -->
        <test-method signature="VerifyIfInputTextFieldIsVisibleOrNot()[pri:0, instance:tests.PracticePageTest@13c10b87]" started-at="2021-02-05T15:35:12 CET" name="VerifyIfInputTextFieldIsVisibleOrNot" finished-at="2021-02-05T15:35:13 CET" duration-ms="423" status="PASS">
          <reporter-output>
          </reporter-output>
        </test-method> <!-- VerifyIfInputTextFieldIsVisibleOrNot -->
        <test-method signature="clickOnMouseHover()[pri:0, instance:tests.PracticePageTest@13c10b87]" started-at="2021-02-05T15:35:13 CET" name="clickOnMouseHover" finished-at="2021-02-05T15:35:21 CET" duration-ms="8300" status="PASS">
          <reporter-output>
          </reporter-output>
        </test-method> <!-- clickOnMouseHover -->
        <test-method signature="clickOnRadionBtn()[pri:0, instance:tests.PracticePageTest@13c10b87]" started-at="2021-02-05T15:35:21 CET" name="clickOnRadionBtn" finished-at="2021-02-05T15:35:21 CET" duration-ms="164" status="PASS">
          <reporter-output>
          </reporter-output>
        </test-method> <!-- clickOnRadionBtn -->
        <test-method signature="click_Cancel_onAlert()[pri:0, instance:tests.PracticePageTest@13c10b87]" started-at="2021-02-05T15:35:21 CET" name="click_Cancel_onAlert" finished-at="2021-02-05T15:35:21 CET" duration-ms="171" status="PASS">
          <reporter-output>
          </reporter-output>
        </test-method> <!-- click_Cancel_onAlert -->
        <test-method signature="click_OK_onAlert()[pri:0, instance:tests.PracticePageTest@13c10b87]" started-at="2021-02-05T15:35:21 CET" name="click_OK_onAlert" finished-at="2021-02-05T15:35:21 CET" duration-ms="167" status="PASS">
          <reporter-output>
          </reporter-output>
        </test-method> <!-- click_OK_onAlert -->
        <test-method signature="click_on_checkBox()[pri:0, instance:tests.PracticePageTest@13c10b87]" started-at="2021-02-05T15:35:21 CET" name="click_on_checkBox" finished-at="2021-02-05T15:35:21 CET" duration-ms="61" status="PASS">
          <reporter-output>
          </reporter-output>
        </test-method> <!-- click_on_checkBox -->
        <test-method signature="enterTextInTextBox()[pri:0, instance:tests.PracticePageTest@13c10b87]" started-at="2021-02-05T15:35:21 CET" name="enterTextInTextBox" finished-at="2021-02-05T15:35:22 CET" duration-ms="201" status="PASS">
          <reporter-output>
          </reporter-output>
        </test-method> <!-- enterTextInTextBox -->
        <test-method signature="printCourseNameForPyhton()[pri:0, instance:tests.PracticePageTest@13c10b87]" started-at="2021-02-05T15:35:22 CET" name="printCourseNameForPyhton" finished-at="2021-02-05T15:35:22 CET" duration-ms="191" status="PASS">
          <reporter-output>
          </reporter-output>
        </test-method> <!-- printCourseNameForPyhton -->
        <test-method signature="printCoursesNameFromTable()[pri:0, instance:tests.PracticePageTest@13c10b87]" started-at="2021-02-05T15:35:22 CET" name="printCoursesNameFromTable" finished-at="2021-02-05T15:35:22 CET" duration-ms="129" status="PASS">
          <reporter-output>
          </reporter-output>
        </test-method> <!-- printCoursesNameFromTable -->
        <test-method signature="printTotalNumberOfLinks()[pri:0, instance:tests.PracticePageTest@13c10b87]" started-at="2021-02-05T15:35:22 CET" name="printTotalNumberOfLinks" finished-at="2021-02-05T15:35:22 CET" duration-ms="20" status="PASS">
          <reporter-output>
          </reporter-output>
        </test-method> <!-- printTotalNumberOfLinks -->
        <test-method signature="scrollingDown_OnTable()[pri:0, instance:tests.PracticePageTest@13c10b87]" started-at="2021-02-05T15:35:22 CET" name="scrollingDown_OnTable" finished-at="2021-02-05T15:35:27 CET" duration-ms="5036" status="PASS">
          <reporter-output>
          </reporter-output>
        </test-method> <!-- scrollingDown_OnTable -->
        <test-method signature="selectOptionFromStaticDropdownMenu()[pri:0, instance:tests.PracticePageTest@13c10b87]" started-at="2021-02-05T15:35:27 CET" name="selectOptionFromStaticDropdownMenu" finished-at="2021-02-05T15:35:27 CET" duration-ms="169" status="PASS">
          <reporter-output>
          </reporter-output>
        </test-method> <!-- selectOptionFromStaticDropdownMenu -->
        <test-method signature="switchTab()[pri:0, instance:tests.PracticePageTest@13c10b87]" started-at="2021-02-05T15:35:27 CET" name="switchTab" finished-at="2021-02-05T15:35:30 CET" duration-ms="2516" status="PASS">
          <reporter-output>
          </reporter-output>
        </test-method> <!-- switchTab -->
        <test-method signature="switchWindow()[pri:0, instance:tests.PracticePageTest@13c10b87]" started-at="2021-02-05T15:35:30 CET" name="switchWindow" finished-at="2021-02-05T15:35:43 CET" duration-ms="13284" status="PASS">
          <reporter-output>
          </reporter-output>
        </test-method> <!-- switchWindow -->
        <test-method signature="verifyPythonPrice()[pri:0, instance:tests.PracticePageTest@13c10b87]" started-at="2021-02-05T15:35:43 CET" name="verifyPythonPrice" finished-at="2021-02-05T15:35:43 CET" duration-ms="227" status="PASS">
          <reporter-output>
          </reporter-output>
        </test-method> <!-- verifyPythonPrice -->
        <test-method is-config="true" signature="tearDown()[pri:0, instance:tests.PracticePageTest@13c10b87]" started-at="2021-02-05T15:35:43 CET" name="tearDown" finished-at="2021-02-05T15:35:43 CET" duration-ms="101" status="PASS">
          <reporter-output>
          </reporter-output>
        </test-method> <!-- tearDown -->
      </class> <!-- tests.PracticePageTest -->
    </test> <!-- Default test -->
  </suite> <!-- Default suite -->
</testng-results>
