<?xml version="1.0" encoding="UTF-8"?>
<testng-results ignored="0" total="3" passed="3" failed="0" skipped="0">
  <reporter-output>
  </reporter-output>
  <suite started-at="2021-01-26T16:41:21 CET" name="Default suite" finished-at="2021-01-26T16:41:27 CET" duration-ms="6580">
    <groups>
    </groups>
    <test started-at="2021-01-26T16:41:21 CET" name="Default test" finished-at="2021-01-26T16:41:27 CET" duration-ms="6580">
      <class name="tests.PracticePageTest">
        <test-method is-config="true" signature="setUp()[pri:0, instance:tests.PracticePageTest@2aa3cd93]" started-at="2021-01-26T16:41:21 CET" name="setUp" finished-at="2021-01-26T16:41:27 CET" duration-ms="5911" status="PASS">
          <reporter-output>
          </reporter-output>
        </test-method> <!-- setUp -->
        <test-method signature="clickOnRadionBtn()[pri:0, instance:tests.PracticePageTest@2aa3cd93]" started-at="2021-01-26T16:41:27 CET" name="clickOnRadionBtn" finished-at="2021-01-26T16:41:27 CET" duration-ms="76" status="PASS">
          <reporter-output>
          </reporter-output>
        </test-method> <!-- clickOnRadionBtn -->
        <test-method signature="enterTextInTextBox()[pri:0, instance:tests.PracticePageTest@2aa3cd93]" started-at="2021-01-26T16:41:27 CET" name="enterTextInTextBox" finished-at="2021-01-26T16:41:27 CET" duration-ms="283" status="PASS">
          <reporter-output>
          </reporter-output>
        </test-method> <!-- enterTextInTextBox -->
        <test-method signature="selectOptionFromStaticDropdownMenu()[pri:0, instance:tests.PracticePageTest@2aa3cd93]" started-at="2021-01-26T16:41:27 CET" name="selectOptionFromStaticDropdownMenu" finished-at="2021-01-26T16:41:27 CET" duration-ms="183" status="PASS">
          <reporter-output>
          </reporter-output>
        </test-method> <!-- selectOptionFromStaticDropdownMenu -->
        <test-method is-config="true" signature="tearDown()[pri:0, instance:tests.PracticePageTest@2aa3cd93]" started-at="2021-01-26T16:41:27 CET" name="tearDown" finished-at="2021-01-26T16:41:27 CET" duration-ms="94" status="PASS">
          <reporter-output>
          </reporter-output>
        </test-method> <!-- tearDown -->
      </class> <!-- tests.PracticePageTest -->
    </test> <!-- Default test -->
  </suite> <!-- Default suite -->
</testng-results>
